<?xml version="1.0" encoding="UTF-8"?>
<!-- Generated by org.testng.reporters.JUnitReportReporter -->
<testsuite skipped="0" hostname="70718ac8e807" name="com.searchmodule.tests.SearchTest" tests="1" failures="0" timestamp="2020-08-24T19:40:02 GMT" time="21.551" errors="0">
  <testcase name="search" time="21.551" classname="com.searchmodule.tests.SearchTest"/>
  <system-out/>
</testsuite> <!-- com.searchmodule.tests.SearchTest -->
