<?xml version="1.0" encoding="UTF-8"?>
<!-- Generated by org.testng.reporters.JUnitReportReporter -->
<testsuite skipped="0" hostname="0b2fdb566588" name="com.searchmodule.tests.SearchTest" tests="2" failures="0" timestamp="2020-08-18T19:48:53 GMT" time="13.612" errors="0">
  <testcase name="search" time="6.621" classname="com.searchmodule.tests.SearchTest"/>
  <system-out/>
  <testcase name="search" time="6.991" classname="com.searchmodule.tests.SearchTest"/>
  <system-out/>
</testsuite> <!-- com.searchmodule.tests.SearchTest -->
