<?xml version="1.0" encoding="UTF-8"?>
<!-- Generated by org.testng.reporters.JUnitReportReporter -->
<testsuite hostname="DESKTOP-SC2B5K2" failures="0" tests="2" name="com.searchmodule.tests.SearchTest" time="12.363" errors="0" timestamp="2020-08-18T13:21:40 SAST" skipped="0">
  <testcase classname="com.searchmodule.tests.SearchTest" name="search" time="6.398"/>
  <system-out/>
  <testcase classname="com.searchmodule.tests.SearchTest" name="search" time="5.965"/>
  <system-out/>
</testsuite> <!-- com.searchmodule.tests.SearchTest -->
